Warning: This is a pre-release compiler version, please do not use it in production.
D:\acadmics\sem 5\Innovation paper\Paper_GNN_CL\cfg implement\dataset\multivul_multiclass_test\0x16a0772b17ae004e6645e0e95bf50ad69498a34e.sol:1:1: Error: Source file requires different compiler version (current compiler is 0.4.15-nightly.2017.8.10+commit.8b45bddb.Windows.msvc - note that nightly builds are considered to be strictly less than the released version
pragma solidity ^0.4.15;


^----------------------^
D:\acadmics\sem 5\Innovation paper\Paper_GNN_CL\cfg implement\dataset\multivul_multiclass_test\0x16a0772b17ae004e6645e0e95bf50ad69498a34e.sol:37:13: Warning: "throw" is deprecated in favour of "revert()", "require()" and "assert()".
            throw;


            ^---^
D:\acadmics\sem 5\Innovation paper\Paper_GNN_CL\cfg implement\dataset\multivul_multiclass_test\0x16a0772b17ae004e6645e0e95bf50ad69498a34e.sol:43:13: Warning: "throw" is deprecated in favour of "revert()", "require()" and "assert()".
            throw;


            ^---^
D:\acadmics\sem 5\Innovation paper\Paper_GNN_CL\cfg implement\dataset\multivul_multiclass_test\0x16a0772b17ae004e6645e0e95bf50ad69498a34e.sol:49:13: Warning: "throw" is deprecated in favour of "revert()", "require()" and "assert()".
            throw;


            ^---^
D:\acadmics\sem 5\Innovation paper\Paper_GNN_CL\cfg implement\dataset\multivul_multiclass_test\0x16a0772b17ae004e6645e0e95bf50ad69498a34e.sol:55:13: Warning: "throw" is deprecated in favour of "revert()", "require()" and "assert()".
            throw;


            ^---^
D:\acadmics\sem 5\Innovation paper\Paper_GNN_CL\cfg implement\dataset\multivul_multiclass_test\0x16a0772b17ae004e6645e0e95bf50ad69498a34e.sol:61:13: Warning: "throw" is deprecated in favour of "revert()", "require()" and "assert()".
            throw;


            ^---^
D:\acadmics\sem 5\Innovation paper\Paper_GNN_CL\cfg implement\dataset\multivul_multiclass_test\0x16a0772b17ae004e6645e0e95bf50ad69498a34e.sol:67:13: Warning: "throw" is deprecated in favour of "revert()", "require()" and "assert()".
            throw;


            ^---^
D:\acadmics\sem 5\Innovation paper\Paper_GNN_CL\cfg implement\dataset\multivul_multiclass_test\0x16a0772b17ae004e6645e0e95bf50ad69498a34e.sol:73:13: Warning: "throw" is deprecated in favour of "revert()", "require()" and "assert()".
            throw;


            ^---^
D:\acadmics\sem 5\Innovation paper\Paper_GNN_CL\cfg implement\dataset\multivul_multiclass_test\0x16a0772b17ae004e6645e0e95bf50ad69498a34e.sol:79:13: Warning: "throw" is deprecated in favour of "revert()", "require()" and "assert()".
            throw;


            ^---^
D:\acadmics\sem 5\Innovation paper\Paper_GNN_CL\cfg implement\dataset\multivul_multiclass_test\0x16a0772b17ae004e6645e0e95bf50ad69498a34e.sol:88:13: Warning: "throw" is deprecated in favour of "revert()", "require()" and "assert()".
            throw;


            ^---^
D:\acadmics\sem 5\Innovation paper\Paper_GNN_CL\cfg implement\dataset\multivul_multiclass_test\0x16a0772b17ae004e6645e0e95bf50ad69498a34e.sol:234:13: Warning: This declaration shadows a builtin symbol.
            Transaction tx = transactions[transactionId];


            ^------------^
D:\acadmics\sem 5\Innovation paper\Paper_GNN_CL\cfg implement\dataset\multivul_multiclass_test\0x16a0772b17ae004e6645e0e95bf50ad69498a34e.sol:234:13: Warning: Variable is declared as a storage pointer. Use an explicit "storage" keyword to silence this warning.
            Transaction tx = transactions[transactionId];


            ^------------^
