Warning: This is a pre-release compiler version, please do not use it in production.
D:\acadmics\sem 5\Innovation paper\Paper_GNN_CL\cfg implement\dataset\multivul_multiclass_test\0xb104df39250112eda59b27f5db7013c7ee132d50.sol:1:1: Error: Source file requires different compiler version (current compiler is 0.4.15-nightly.2017.8.10+commit.8b45bddb.Windows.msvc - note that nightly builds are considered to be strictly less than the released version
pragma solidity ^0.4.15;


^----------------------^
D:\acadmics\sem 5\Innovation paper\Paper_GNN_CL\cfg implement\dataset\multivul_multiclass_test\0xb104df39250112eda59b27f5db7013c7ee132d50.sol:217:64: Warning: "throw" is deprecated in favour of "revert()", "require()" and "assert()".
    if ((_value != 0) && (allowed[msg.sender][_spender] != 0)) throw;


                                                               ^---^
D:\acadmics\sem 5\Innovation paper\Paper_GNN_CL\cfg implement\dataset\multivul_multiclass_test\0xb104df39250112eda59b27f5db7013c7ee132d50.sol:369:13: Warning: "throw" is deprecated in favour of "revert()", "require()" and "assert()".
            throw;


            ^---^
D:\acadmics\sem 5\Innovation paper\Paper_GNN_CL\cfg implement\dataset\multivul_multiclass_test\0xb104df39250112eda59b27f5db7013c7ee132d50.sol:837:13: Warning: "throw" is deprecated in favour of "revert()", "require()" and "assert()".
            throw;


            ^---^
D:\acadmics\sem 5\Innovation paper\Paper_GNN_CL\cfg implement\dataset\multivul_multiclass_test\0xb104df39250112eda59b27f5db7013c7ee132d50.sol:847:13: Warning: "throw" is deprecated in favour of "revert()", "require()" and "assert()".
            throw;


            ^---^
D:\acadmics\sem 5\Innovation paper\Paper_GNN_CL\cfg implement\dataset\multivul_multiclass_test\0xb104df39250112eda59b27f5db7013c7ee132d50.sol:73:9: Warning: This declaration shadows an existing declaration.
        struct DateTime {


        ^
Spanning multiple lines.
D:\acadmics\sem 5\Innovation paper\Paper_GNN_CL\cfg implement\dataset\multivul_multiclass_test\0xb104df39250112eda59b27f5db7013c7ee132d50.sol:68:1: The shadowed declaration is here:
contract DateTime {


^
Spanning multiple lines.

