Warning: This is a pre-release compiler version, please do not use it in production.
D:\acadmics\sem 5\Innovation paper\Paper_GNN_CL\cfg implement\dataset\multivul_multiclass_test\0xd780ae2bf04cd96e577d3d014762f831d97129d0.sol:1:1: Error: Source file requires different compiler version (current compiler is 0.4.15-nightly.2017.8.10+commit.8b45bddb.Windows.msvc - note that nightly builds are considered to be strictly less than the released version
pragma solidity ^0.4.15;


^----------------------^
D:\acadmics\sem 5\Innovation paper\Paper_GNN_CL\cfg implement\dataset\multivul_multiclass_test\0xd780ae2bf04cd96e577d3d014762f831d97129d0.sol:973:45: Warning: "throw" is deprecated in favour of "revert()", "require()" and "assert()".
        if ((_nbytes == 0)||(_nbytes > 32)) throw;


                                            ^---^
D:\acadmics\sem 5\Innovation paper\Paper_GNN_CL\cfg implement\dataset\multivul_multiclass_test\0xd780ae2bf04cd96e577d3d014762f831d97129d0.sol:1063:71: Warning: "throw" is deprecated in favour of "revert()", "require()" and "assert()".
        if ((_proof[0] != "L")||(_proof[1] != "P")||(_proof[2] != 1)) throw;


                                                                      ^---^
D:\acadmics\sem 5\Innovation paper\Paper_GNN_CL\cfg implement\dataset\multivul_multiclass_test\0xd780ae2bf04cd96e577d3d014762f831d97129d0.sol:1066:37: Warning: "throw" is deprecated in favour of "revert()", "require()" and "assert()".
        if (proofVerified == false) throw;


                                    ^---^
D:\acadmics\sem 5\Innovation paper\Paper_GNN_CL\cfg implement\dataset\multivul_multiclass_test\0xd780ae2bf04cd96e577d3d014762f831d97129d0.sol:1137:13: Warning: "throw" is deprecated in favour of "revert()", "require()" and "assert()".
            throw; // Should be a better way?


            ^---^
D:\acadmics\sem 5\Innovation paper\Paper_GNN_CL\cfg implement\dataset\multivul_multiclass_test\0xd780ae2bf04cd96e577d3d014762f831d97129d0.sol:1037:22: Warning: Decimal literal assigned to bytesXX variable will be left-aligned. Use an explicit conversion to silence this warning.
        tosign2[0] = 1; //role


                     ^
D:\acadmics\sem 5\Innovation paper\Paper_GNN_CL\cfg implement\dataset\multivul_multiclass_test\0xd780ae2bf04cd96e577d3d014762f831d97129d0.sol:1074:14: Warning: The type of this variable was inferred as uint8, which can hold values between 0 and 255. This is probably not desired. Use an explicit type to silence this warning.
        for (var i=0; i<prefix.length; i++){


             ^-----^
