Error: Overriding function is missing "override" specifier.
   --> D:/acadmics/sem 5/Innovation paper/Paper_GNN_CL/cfg implement/dataset/multivul_multiclass_test/Jack_0x664d.sol:128:5:
    |
128 |     function approve(address spender, uint256 amount) public virtual returns (bool) {

    |     ^ (Relevant source part starts here and spans across multiple lines).
Note: Overridden function is here:
  --> D:/acadmics/sem 5/Innovation paper/Paper_GNN_CL/cfg implement/dataset/multivul_multiclass_test/Jack_0x664d.sol:32:5:
   |
32 |     function approve(address spender, uint256 amount) external returns (bool);

   |     ^^^^^^^^^^^^^^^^^^^^^^^^^^^^^^^^^^^^^^^^^^^^^^^^^^^^^^^^^^^^^^^^^^^^^^^^^^

Error: Overriding function is missing "override" specifier.
   --> D:/acadmics/sem 5/Innovation paper/Paper_GNN_CL/cfg implement/dataset/multivul_multiclass_test/Jack_0x664d.sol:128:5:
    |
128 |     function approve(address spender, uint256 amount) public virtual returns (bool) {

    |     ^ (Relevant source part starts here and spans across multiple lines).
Note: Overridden function is here:
  --> D:/acadmics/sem 5/Innovation paper/Paper_GNN_CL/cfg implement/dataset/multivul_multiclass_test/Jack_0x664d.sol:32:5:
   |
32 |     function approve(address spender, uint256 amount) external returns (bool);

   |     ^^^^^^^^^^^^^^^^^^^^^^^^^^^^^^^^^^^^^^^^^^^^^^^^^^^^^^^^^^^^^^^^^^^^^^^^^^

