Error: Documentation tag @custom:oz-upgrades-unsafe-allow not valid for contracts.
    --> D:/acadmics/sem 5/Innovation paper/Paper_GNN_CL/cfg implement/dataset/multivul_multiclass_test/LaunchpadUpgradeable_0xac67.sol:1430:1:
     |
1430 | /**

     | ^ (Relevant source part starts here and spans across multiple lines).

Error: Documentation tag @custom:oz-retyped-from not valid for non-public state variables.
    --> D:/acadmics/sem 5/Innovation paper/Paper_GNN_CL/cfg implement/dataset/multivul_multiclass_test/LaunchpadUpgradeable_0xac67.sol:1481:5:
     |
1481 |     /**

     |     ^ (Relevant source part starts here and spans across multiple lines).

Warning: Variable is shadowed in inline assembly by an instruction of the same name
   --> D:/acadmics/sem 5/Innovation paper/Paper_GNN_CL/cfg implement/dataset/multivul_multiclass_test/LaunchpadUpgradeable_0xac67.sol:413:5:
    |
413 |     function add(Bytes32Set storage set, bytes32 value) internal returns (bool) {

    |     ^ (Relevant source part starts here and spans across multiple lines).

Warning: Variable is shadowed in inline assembly by an instruction of the same name
   --> D:/acadmics/sem 5/Innovation paper/Paper_GNN_CL/cfg implement/dataset/multivul_multiclass_test/LaunchpadUpgradeable_0xac67.sol:487:5:
    |
487 |     function add(AddressSet storage set, address value) internal returns (bool) {

    |     ^ (Relevant source part starts here and spans across multiple lines).

Warning: Variable is shadowed in inline assembly by an instruction of the same name
   --> D:/acadmics/sem 5/Innovation paper/Paper_GNN_CL/cfg implement/dataset/multivul_multiclass_test/LaunchpadUpgradeable_0xac67.sol:561:5:
    |
561 |     function add(UintSet storage set, uint256 value) internal returns (bool) {

    |     ^ (Relevant source part starts here and spans across multiple lines).

Warning: Variable is shadowed in inline assembly by an instruction of the same name
   --> D:/acadmics/sem 5/Innovation paper/Paper_GNN_CL/cfg implement/dataset/multivul_multiclass_test/LaunchpadUpgradeable_0xac67.sol:413:5:
    |
413 |     function add(Bytes32Set storage set, bytes32 value) internal returns (bool) {

    |     ^ (Relevant source part starts here and spans across multiple lines).

Warning: Variable is shadowed in inline assembly by an instruction of the same name
   --> D:/acadmics/sem 5/Innovation paper/Paper_GNN_CL/cfg implement/dataset/multivul_multiclass_test/LaunchpadUpgradeable_0xac67.sol:487:5:
    |
487 |     function add(AddressSet storage set, address value) internal returns (bool) {

    |     ^ (Relevant source part starts here and spans across multiple lines).

Warning: Variable is shadowed in inline assembly by an instruction of the same name
   --> D:/acadmics/sem 5/Innovation paper/Paper_GNN_CL/cfg implement/dataset/multivul_multiclass_test/LaunchpadUpgradeable_0xac67.sol:561:5:
    |
561 |     function add(UintSet storage set, uint256 value) internal returns (bool) {

    |     ^ (Relevant source part starts here and spans across multiple lines).

Warning: Variable is shadowed in inline assembly by an instruction of the same name
   --> D:/acadmics/sem 5/Innovation paper/Paper_GNN_CL/cfg implement/dataset/multivul_multiclass_test/LaunchpadUpgradeable_0xac67.sol:413:5:
    |
413 |     function add(Bytes32Set storage set, bytes32 value) internal returns (bool) {

    |     ^ (Relevant source part starts here and spans across multiple lines).

Warning: Variable is shadowed in inline assembly by an instruction of the same name
   --> D:/acadmics/sem 5/Innovation paper/Paper_GNN_CL/cfg implement/dataset/multivul_multiclass_test/LaunchpadUpgradeable_0xac67.sol:487:5:
    |
487 |     function add(AddressSet storage set, address value) internal returns (bool) {

    |     ^ (Relevant source part starts here and spans across multiple lines).

Warning: Variable is shadowed in inline assembly by an instruction of the same name
   --> D:/acadmics/sem 5/Innovation paper/Paper_GNN_CL/cfg implement/dataset/multivul_multiclass_test/LaunchpadUpgradeable_0xac67.sol:561:5:
    |
561 |     function add(UintSet storage set, uint256 value) internal returns (bool) {

    |     ^ (Relevant source part starts here and spans across multiple lines).

Warning: Variable is shadowed in inline assembly by an instruction of the same name
   --> D:/acadmics/sem 5/Innovation paper/Paper_GNN_CL/cfg implement/dataset/multivul_multiclass_test/LaunchpadUpgradeable_0xac67.sol:826:5:
    |
826 |     function log2(uint256 value) internal pure returns (uint256) {

    |     ^ (Relevant source part starts here and spans across multiple lines).

Warning: Variable is shadowed in inline assembly by an instruction of the same name
   --> D:/acadmics/sem 5/Innovation paper/Paper_GNN_CL/cfg implement/dataset/multivul_multiclass_test/LaunchpadUpgradeable_0xac67.sol:868:5:
    |
868 |     function log2(uint256 value, Rounding rounding) internal pure returns (uint256) {

    |     ^ (Relevant source part starts here and spans across multiple lines).

Warning: Variable is shadowed in inline assembly by an instruction of the same name
   --> D:/acadmics/sem 5/Innovation paper/Paper_GNN_CL/cfg implement/dataset/multivul_multiclass_test/LaunchpadUpgradeable_0xac67.sol:826:5:
    |
826 |     function log2(uint256 value) internal pure returns (uint256) {

    |     ^ (Relevant source part starts here and spans across multiple lines).

Warning: Variable is shadowed in inline assembly by an instruction of the same name
   --> D:/acadmics/sem 5/Innovation paper/Paper_GNN_CL/cfg implement/dataset/multivul_multiclass_test/LaunchpadUpgradeable_0xac67.sol:868:5:
    |
868 |     function log2(uint256 value, Rounding rounding) internal pure returns (uint256) {

    |     ^ (Relevant source part starts here and spans across multiple lines).

Warning: Variable is shadowed in inline assembly by an instruction of the same name
   --> D:/acadmics/sem 5/Innovation paper/Paper_GNN_CL/cfg implement/dataset/multivul_multiclass_test/LaunchpadUpgradeable_0xac67.sol:826:5:
    |
826 |     function log2(uint256 value) internal pure returns (uint256) {

    |     ^ (Relevant source part starts here and spans across multiple lines).

Warning: Variable is shadowed in inline assembly by an instruction of the same name
   --> D:/acadmics/sem 5/Innovation paper/Paper_GNN_CL/cfg implement/dataset/multivul_multiclass_test/LaunchpadUpgradeable_0xac67.sol:868:5:
    |
868 |     function log2(uint256 value, Rounding rounding) internal pure returns (uint256) {

    |     ^ (Relevant source part starts here and spans across multiple lines).

Error: Member "concat" not found or not visible after argument-dependent lookup in type(string storage pointer).
    --> D:/acadmics/sem 5/Innovation paper/Paper_GNN_CL/cfg implement/dataset/multivul_multiclass_test/LaunchpadUpgradeable_0xac67.sol:3714:39:
     |
3714 |  ...      string memory report = string(string.concat("Report for ", bytes(StringsUpgrad ...
     |                                         ^^^^^^^^^^^^^

