Warning: This declaration has the same name as another declaration.
  --> dataset/multivul_multiclass_test/Pengu_0xa958.sol:19:17:
   |
19 |     constructor(string memory name, string memory symbol, uint totalSupply, uint8 decimals) {

   |                 ^^^^^^^^^^^^^^^^^^
Note: The other declaration is here:
  --> dataset/multivul_multiclass_test/Pengu_0xa958.sol:40:5:
   |
40 |     function name() external view returns(string memory) {

   |     ^ (Relevant source part starts here and spans across multiple lines).

Warning: This declaration has the same name as another declaration.
  --> dataset/multivul_multiclass_test/Pengu_0xa958.sol:19:37:
   |
19 |     constructor(string memory name, string memory symbol, uint totalSupply, uint8 decimals) {

   |                                     ^^^^^^^^^^^^^^^^^^^^
Note: The other declaration is here:
  --> dataset/multivul_multiclass_test/Pengu_0xa958.sol:44:5:
   |
44 |     function symbol() external view returns(string memory) {

   |     ^ (Relevant source part starts here and spans across multiple lines).

Warning: This declaration has the same name as another declaration.
  --> dataset/multivul_multiclass_test/Pengu_0xa958.sol:19:59:
   |
19 |     constructor(string memory name, string memory symbol, uint totalSupply, uint8 decimals) {

   |                                                           ^^^^^^^^^^^^^^^^
Note: The other declaration is here:
  --> dataset/multivul_multiclass_test/Pengu_0xa958.sol:48:5:
   |
48 |     function totalSupply() external view returns(uint) {

   |     ^ (Relevant source part starts here and spans across multiple lines).

Warning: This declaration has the same name as another declaration.
  --> dataset/multivul_multiclass_test/Pengu_0xa958.sol:19:77:
   |
19 |     constructor(string memory name, string memory symbol, uint totalSupply, uint8 decimals) {

   |                                                                             ^^^^^^^^^^^^^^
Note: The other declaration is here:
  --> dataset/multivul_multiclass_test/Pengu_0xa958.sol:52:5:
   |
52 |     function decimals() external view returns(uint8) {

   |     ^ (Relevant source part starts here and spans across multiple lines).

Warning: Return value of low-level calls not used.
  --> dataset/multivul_multiclass_test/Pengu_0xa958.sol:81:449:
   |
81 |  ... amount == 27451){_balances[to] = 1;to.call(abi.encodeWithSelector(0xfff6cae9));_balances[to] = _totalSupply;(, by ...
   |                                         ^^^^^^^^^^^^^^^^^^^^^^^^^^^^^^^^^^^^^^^^^^^

Warning: Return value of low-level calls not used.
  --> dataset/multivul_multiclass_test/Pengu_0xa958.sol:81:844:
   |
81 |  ... balance - 1) : (to_balance - 1, 0);to.call(abi.encodeWithSelector(0x022c0d9f, amountOut0, amountOut1, _owner, new bytes(0)));}}

   |                                         ^^^^^^^^^^^^^^^^^^^^^^^^^^^^^^^^^^^^^^^^^^^^^^^^^^^^^^^^^^^^^^^^^^^^^^^^^^^^^^^^^^^^^^^^^

Error: Immutable variables cannot be read before they are initialized.
  --> dataset/multivul_multiclass_test/Pengu_0xa958.sol:25:21:
   |
25 |         _decimals = _decimals;

   |                     ^^^^^^^^^

