Error: Documentation tag @custom:oz-upgrades-unsafe-allow not valid for contracts.
   --> D:/acadmics/sem 5/Innovation paper/Paper_GNN_CL/cfg implement/dataset/multivul_multiclass_test/ReallocatablePaymentSplitterFactoryUpgradeable_0xb47f.sol:252:1:
    |
252 | /**

    | ^ (Relevant source part starts here and spans across multiple lines).

Error: Documentation tag @custom:oz-retyped-from not valid for non-public state variables.
   --> D:/acadmics/sem 5/Innovation paper/Paper_GNN_CL/cfg implement/dataset/multivul_multiclass_test/ReallocatablePaymentSplitterFactoryUpgradeable_0xb47f.sol:303:5:
    |
303 |     /**

    |     ^ (Relevant source part starts here and spans across multiple lines).

Warning: Variable is shadowed in inline assembly by an instruction of the same name
   --> D:/acadmics/sem 5/Innovation paper/Paper_GNN_CL/cfg implement/dataset/multivul_multiclass_test/ReallocatablePaymentSplitterFactoryUpgradeable_0xb47f.sol:614:5:
    |
614 |     function log2(uint256 value) internal pure returns (uint256) {

    |     ^ (Relevant source part starts here and spans across multiple lines).

Warning: Variable is shadowed in inline assembly by an instruction of the same name
   --> D:/acadmics/sem 5/Innovation paper/Paper_GNN_CL/cfg implement/dataset/multivul_multiclass_test/ReallocatablePaymentSplitterFactoryUpgradeable_0xb47f.sol:656:5:
    |
656 |     function log2(uint256 value, Rounding rounding) internal pure returns (uint256) {

    |     ^ (Relevant source part starts here and spans across multiple lines).

Warning: Variable is shadowed in inline assembly by an instruction of the same name
   --> D:/acadmics/sem 5/Innovation paper/Paper_GNN_CL/cfg implement/dataset/multivul_multiclass_test/ReallocatablePaymentSplitterFactoryUpgradeable_0xb47f.sol:614:5:
    |
614 |     function log2(uint256 value) internal pure returns (uint256) {

    |     ^ (Relevant source part starts here and spans across multiple lines).

Warning: Variable is shadowed in inline assembly by an instruction of the same name
   --> D:/acadmics/sem 5/Innovation paper/Paper_GNN_CL/cfg implement/dataset/multivul_multiclass_test/ReallocatablePaymentSplitterFactoryUpgradeable_0xb47f.sol:656:5:
    |
656 |     function log2(uint256 value, Rounding rounding) internal pure returns (uint256) {

    |     ^ (Relevant source part starts here and spans across multiple lines).

Warning: Variable is shadowed in inline assembly by an instruction of the same name
   --> D:/acadmics/sem 5/Innovation paper/Paper_GNN_CL/cfg implement/dataset/multivul_multiclass_test/ReallocatablePaymentSplitterFactoryUpgradeable_0xb47f.sol:614:5:
    |
614 |     function log2(uint256 value) internal pure returns (uint256) {

    |     ^ (Relevant source part starts here and spans across multiple lines).

Warning: Variable is shadowed in inline assembly by an instruction of the same name
   --> D:/acadmics/sem 5/Innovation paper/Paper_GNN_CL/cfg implement/dataset/multivul_multiclass_test/ReallocatablePaymentSplitterFactoryUpgradeable_0xb47f.sol:656:5:
    |
656 |     function log2(uint256 value, Rounding rounding) internal pure returns (uint256) {

    |     ^ (Relevant source part starts here and spans across multiple lines).

Warning: Variable is shadowed in inline assembly by an instruction of the same name
    --> D:/acadmics/sem 5/Innovation paper/Paper_GNN_CL/cfg implement/dataset/multivul_multiclass_test/ReallocatablePaymentSplitterFactoryUpgradeable_0xb47f.sol:3107:5:
     |
3107 |     function add(Bytes32Set storage set, bytes32 value) internal returns (bool) {

     |     ^ (Relevant source part starts here and spans across multiple lines).

Warning: Variable is shadowed in inline assembly by an instruction of the same name
    --> D:/acadmics/sem 5/Innovation paper/Paper_GNN_CL/cfg implement/dataset/multivul_multiclass_test/ReallocatablePaymentSplitterFactoryUpgradeable_0xb47f.sol:3181:5:
     |
3181 |     function add(AddressSet storage set, address value) internal returns (bool) {

     |     ^ (Relevant source part starts here and spans across multiple lines).

Warning: Variable is shadowed in inline assembly by an instruction of the same name
    --> D:/acadmics/sem 5/Innovation paper/Paper_GNN_CL/cfg implement/dataset/multivul_multiclass_test/ReallocatablePaymentSplitterFactoryUpgradeable_0xb47f.sol:3255:5:
     |
3255 |     function add(UintSet storage set, uint256 value) internal returns (bool) {

     |     ^ (Relevant source part starts here and spans across multiple lines).

Warning: Variable is shadowed in inline assembly by an instruction of the same name
    --> D:/acadmics/sem 5/Innovation paper/Paper_GNN_CL/cfg implement/dataset/multivul_multiclass_test/ReallocatablePaymentSplitterFactoryUpgradeable_0xb47f.sol:3107:5:
     |
3107 |     function add(Bytes32Set storage set, bytes32 value) internal returns (bool) {

     |     ^ (Relevant source part starts here and spans across multiple lines).

Warning: Variable is shadowed in inline assembly by an instruction of the same name
    --> D:/acadmics/sem 5/Innovation paper/Paper_GNN_CL/cfg implement/dataset/multivul_multiclass_test/ReallocatablePaymentSplitterFactoryUpgradeable_0xb47f.sol:3181:5:
     |
3181 |     function add(AddressSet storage set, address value) internal returns (bool) {

     |     ^ (Relevant source part starts here and spans across multiple lines).

Warning: Variable is shadowed in inline assembly by an instruction of the same name
    --> D:/acadmics/sem 5/Innovation paper/Paper_GNN_CL/cfg implement/dataset/multivul_multiclass_test/ReallocatablePaymentSplitterFactoryUpgradeable_0xb47f.sol:3255:5:
     |
3255 |     function add(UintSet storage set, uint256 value) internal returns (bool) {

     |     ^ (Relevant source part starts here and spans across multiple lines).

Warning: Variable is shadowed in inline assembly by an instruction of the same name
    --> D:/acadmics/sem 5/Innovation paper/Paper_GNN_CL/cfg implement/dataset/multivul_multiclass_test/ReallocatablePaymentSplitterFactoryUpgradeable_0xb47f.sol:3107:5:
     |
3107 |     function add(Bytes32Set storage set, bytes32 value) internal returns (bool) {

     |     ^ (Relevant source part starts here and spans across multiple lines).

Warning: Variable is shadowed in inline assembly by an instruction of the same name
    --> D:/acadmics/sem 5/Innovation paper/Paper_GNN_CL/cfg implement/dataset/multivul_multiclass_test/ReallocatablePaymentSplitterFactoryUpgradeable_0xb47f.sol:3181:5:
     |
3181 |     function add(AddressSet storage set, address value) internal returns (bool) {

     |     ^ (Relevant source part starts here and spans across multiple lines).

Warning: Variable is shadowed in inline assembly by an instruction of the same name
    --> D:/acadmics/sem 5/Innovation paper/Paper_GNN_CL/cfg implement/dataset/multivul_multiclass_test/ReallocatablePaymentSplitterFactoryUpgradeable_0xb47f.sol:3255:5:
     |
3255 |     function add(UintSet storage set, uint256 value) internal returns (bool) {

     |     ^ (Relevant source part starts here and spans across multiple lines).

Error: Member "concat" not found or not visible after argument-dependent lookup in type(string storage pointer).
    --> D:/acadmics/sem 5/Innovation paper/Paper_GNN_CL/cfg implement/dataset/multivul_multiclass_test/ReallocatablePaymentSplitterFactoryUpgradeable_0xb47f.sol:3677:39:
     |
3677 |  ...      string memory report = string(string.concat("Report for ", bytes(StringsUpgrad ...
     |                                         ^^^^^^^^^^^^^

