D:/acadmics/sem 5/Innovation paper/Paper_GNN_CL/cfg implement/dataset/multivul_multiclass_test/THUGTVRegistrar_0x4e20.sol:379:1: Error: Source file requires different compiler version (current compiler is 0.5.0+commit.1d4f565a.Windows.msvc - note that nightly builds are considered to be strictly less than the released version
pragma solidity ^0.5.5;


^---------------------^
D:/acadmics/sem 5/Innovation paper/Paper_GNN_CL/cfg implement/dataset/multivul_multiclass_test/THUGTVRegistrar_0x4e20.sol:1237:1: Error: Source file requires different compiler version (current compiler is 0.5.0+commit.1d4f565a.Windows.msvc - note that nightly builds are considered to be strictly less than the released version
pragma solidity ^0.5.15;


^----------------------^
D:/acadmics/sem 5/Innovation paper/Paper_GNN_CL/cfg implement/dataset/multivul_multiclass_test/THUGTVRegistrar_0x4e20.sol:1253:1: Error: Source file requires different compiler version (current compiler is 0.5.0+commit.1d4f565a.Windows.msvc - note that nightly builds are considered to be strictly less than the released version
pragma solidity ^0.5.15;


^----------------------^
D:/acadmics/sem 5/Innovation paper/Paper_GNN_CL/cfg implement/dataset/multivul_multiclass_test/THUGTVRegistrar_0x4e20.sol:1278:1: Error: Source file requires different compiler version (current compiler is 0.5.0+commit.1d4f565a.Windows.msvc - note that nightly builds are considered to be strictly less than the released version
pragma solidity ^0.5.15;


^----------------------^
D:/acadmics/sem 5/Innovation paper/Paper_GNN_CL/cfg implement/dataset/multivul_multiclass_test/THUGTVRegistrar_0x4e20.sol:1321:1: Error: Source file requires different compiler version (current compiler is 0.5.0+commit.1d4f565a.Windows.msvc - note that nightly builds are considered to be strictly less than the released version
pragma solidity ^0.5.2;


^---------------------^
D:/acadmics/sem 5/Innovation paper/Paper_GNN_CL/cfg implement/dataset/multivul_multiclass_test/THUGTVRegistrar_0x4e20.sol:1347:1: Error: Source file requires different compiler version (current compiler is 0.5.0+commit.1d4f565a.Windows.msvc - note that nightly builds are considered to be strictly less than the released version
pragma solidity ^0.5.15;


^----------------------^
D:/acadmics/sem 5/Innovation paper/Paper_GNN_CL/cfg implement/dataset/multivul_multiclass_test/THUGTVRegistrar_0x4e20.sol:1359:1: Error: Source file requires different compiler version (current compiler is 0.5.0+commit.1d4f565a.Windows.msvc - note that nightly builds are considered to be strictly less than the released version
pragma solidity ^0.5.15;


^----------------------^
D:/acadmics/sem 5/Innovation paper/Paper_GNN_CL/cfg implement/dataset/multivul_multiclass_test/THUGTVRegistrar_0x4e20.sol:407:32: Warning: The "extcodehash" instruction is not supported by the VM version "byzantium" you are currently compiling for. It will be interpreted as an invalid instruction on this VM.
        assembly { codehash := extcodehash(account) }


                               ^------------------^
